\BOOKMARK [0][-]{chapter.1}{Basic\040Opertation}{}% 1
\BOOKMARK [1][-]{section.1.1}{目的}{chapter.1}% 2
\BOOKMARK [1][-]{section.1.2}{目标}{chapter.1}% 3
\BOOKMARK [1][-]{section.1.3}{实验过程}{chapter.1}% 4
\BOOKMARK [2][-]{subsection.1.3.1}{常用命令的使用}{section.1.3}% 5
\BOOKMARK [2][-]{subsection.1.3.2}{vim的使用}{section.1.3}% 6
\BOOKMARK [2][-]{subsection.1.3.3}{重定向和管道}{section.1.3}% 7
\BOOKMARK [0][-]{chapter.2}{ShellScript}{}% 8
\BOOKMARK [1][-]{section.2.1}{目的}{chapter.2}% 9
\BOOKMARK [1][-]{section.2.2}{目标}{chapter.2}% 10
\BOOKMARK [1][-]{section.2.3}{实验过程}{chapter.2}% 11
\BOOKMARK [2][-]{subsection.2.3.1}{计算生日}{section.2.3}% 12
\BOOKMARK [2][-]{subsection.2.3.2}{输出系统中的用户}{section.2.3}% 13
\BOOKMARK [0][-]{chapter.3}{Makefile}{}% 14
\BOOKMARK [1][-]{section.3.1}{目的}{chapter.3}% 15
\BOOKMARK [1][-]{section.3.2}{目标}{chapter.3}% 16
\BOOKMARK [1][-]{section.3.3}{实验过程}{chapter.3}% 17
\BOOKMARK [2][-]{subsection.3.3.1}{定义头文件}{section.3.3}% 18
\BOOKMARK [2][-]{subsection.3.3.2}{实现头文件}{section.3.3}% 19
\BOOKMARK [2][-]{subsection.3.3.3}{编写主程序}{section.3.3}% 20
\BOOKMARK [2][-]{subsection.3.3.4}{编写makefile文件}{section.3.3}% 21
\BOOKMARK [0][-]{chapter.4}{File}{}% 22
\BOOKMARK [1][-]{section.4.1}{目的}{chapter.4}% 23
\BOOKMARK [1][-]{section.4.2}{目标}{chapter.4}% 24
\BOOKMARK [1][-]{section.4.3}{实验过程}{chapter.4}% 25
\BOOKMARK [2][-]{subsection.4.3.1}{准备知识}{section.4.3}% 26
\BOOKMARK [2][-]{subsection.4.3.2}{使用系统调用实现文件拷贝}{section.4.3}% 27
\BOOKMARK [2][-]{subsection.4.3.3}{使用标准I/O库实现文件拷贝}{section.4.3}% 28
\BOOKMARK [0][-]{chapter.5}{Curses}{}% 29
\BOOKMARK [1][-]{section.5.1}{目的}{chapter.5}% 30
\BOOKMARK [1][-]{section.5.2}{目标}{chapter.5}% 31
\BOOKMARK [1][-]{section.5.3}{实验过程}{chapter.5}% 32
\BOOKMARK [2][-]{subsection.5.3.1}{准备知识}{section.5.3}% 33
\BOOKMARK [2][-]{subsection.5.3.2}{实现}{section.5.3}% 34
\BOOKMARK [0][-]{chapter.6}{Process}{}% 35
\BOOKMARK [1][-]{section.6.1}{目的}{chapter.6}% 36
\BOOKMARK [1][-]{section.6.2}{目标}{chapter.6}% 37
\BOOKMARK [1][-]{section.6.3}{实验过程}{chapter.6}% 38
\BOOKMARK [2][-]{subsection.6.3.1}{准备知识}{section.6.3}% 39
\BOOKMARK [2][-]{subsection.6.3.2}{使用fork的方式完成本实验}{section.6.3}% 40
\BOOKMARK [2][-]{subsection.6.3.3}{DEBUG}{section.6.3}% 41
